nohup: ignoring input
[Scorer] 模型加载完成: 63.9M params, device=cuda:0
/root/trainer/../scripts/data_quality_scorer.py:171: FutureWarning: `torch.cuda.amp.autocast(args...)` is deprecated. Please use `torch.amp.autocast('cuda', args...)` instead.
  with torch.cuda.amp.autocast(dtype=self.dtype):
[Score] 1600/1270238 (0.1%) speed=257 samples/s, ETA=4940s
[Score] 3200/1270238 (0.3%) speed=295 samples/s, ETA=4293s
[Score] 4800/1270238 (0.4%) speed=310 samples/s, ETA=4079s
[Score] 6400/1270238 (0.5%) speed=320 samples/s, ETA=3948s
[Score] 8000/1270238 (0.6%) speed=327 samples/s, ETA=3857s
[Score] 9600/1270238 (0.8%) speed=333 samples/s, ETA=3790s
[Score] 11200/1270238 (0.9%) speed=336 samples/s, ETA=3747s
[Score] 12800/1270238 (1.0%) speed=339 samples/s, ETA=3711s
[Score] 14400/1270238 (1.1%) speed=341 samples/s, ETA=3684s
[Score] 16000/1270238 (1.3%) speed=343 samples/s, ETA=3662s
[Score] 17600/1270238 (1.4%) speed=344 samples/s, ETA=3645s
[Score] 19200/1270238 (1.5%) speed=344 samples/s, ETA=3639s
[Score] 20800/1270238 (1.6%) speed=345 samples/s, ETA=3625s
[Score] 22400/1270238 (1.8%) speed=345 samples/s, ETA=3616s
[Score] 24000/1270238 (1.9%) speed=346 samples/s, ETA=3600s
[Score] 25600/1270238 (2.0%) speed=347 samples/s, ETA=3590s
[Score] 27200/1270238 (2.1%) speed=348 samples/s, ETA=3574s
[Score] 28800/1270238 (2.3%) speed=348 samples/s, ETA=3563s
[Score] 30400/1270238 (2.4%) speed=349 samples/s, ETA=3554s
[Score] 32000/1270238 (2.5%) speed=349 samples/s, ETA=3547s
[Score] 33600/1270238 (2.6%) speed=350 samples/s, ETA=3536s
[Score] 35200/1270238 (2.8%) speed=350 samples/s, ETA=3527s
[Score] 36800/1270238 (2.9%) speed=350 samples/s, ETA=3519s
[Score] 38400/1270238 (3.0%) speed=351 samples/s, ETA=3512s
[Score] 40000/1270238 (3.1%) speed=351 samples/s, ETA=3508s
[Score] 41600/1270238 (3.3%) speed=351 samples/s, ETA=3499s
[Score] 43200/1270238 (3.4%) speed=351 samples/s, ETA=3495s
[Score] 44800/1270238 (3.5%) speed=351 samples/s, ETA=3490s
[Score] 46400/1270238 (3.7%) speed=351 samples/s, ETA=3482s
[Score] 48000/1270238 (3.8%) speed=352 samples/s, ETA=3474s
[Score] 49600/1270238 (3.9%) speed=352 samples/s, ETA=3468s
[Score] 51200/1270238 (4.0%) speed=352 samples/s, ETA=3460s
[Score] 52800/1270238 (4.2%) speed=353 samples/s, ETA=3453s
[Score] 54400/1270238 (4.3%) speed=353 samples/s, ETA=3447s
[Score] 56000/1270238 (4.4%) speed=353 samples/s, ETA=3443s
[Score] 57600/1270238 (4.5%) speed=353 samples/s, ETA=3437s
[Score] 59200/1270238 (4.7%) speed=353 samples/s, ETA=3431s
[Score] 60800/1270238 (4.8%) speed=353 samples/s, ETA=3425s
[Score] 62400/1270238 (4.9%) speed=353 samples/s, ETA=3420s
[Score] 64000/1270238 (5.0%) speed=353 samples/s, ETA=3414s
[Score] 65600/1270238 (5.2%) speed=353 samples/s, ETA=3408s
[Score] 67200/1270238 (5.3%) speed=354 samples/s, ETA=3402s
[Score] 68800/1270238 (5.4%) speed=354 samples/s, ETA=3398s
[Score] 70400/1270238 (5.5%) speed=354 samples/s, ETA=3393s
[Score] 72000/1270238 (5.7%) speed=354 samples/s, ETA=3388s
[Score] 73600/1270238 (5.8%) speed=354 samples/s, ETA=3383s
[Score] 75200/1270238 (5.9%) speed=354 samples/s, ETA=3380s
[Score] 76800/1270238 (6.0%) speed=354 samples/s, ETA=3376s
[Score] 78400/1270238 (6.2%) speed=353 samples/s, ETA=3373s
[Score] 80000/1270238 (6.3%) speed=354 samples/s, ETA=3367s
[Score] 81600/1270238 (6.4%) speed=354 samples/s, ETA=3360s
[Score] 83200/1270238 (6.5%) speed=354 samples/s, ETA=3354s
[Score] 84800/1270238 (6.7%) speed=354 samples/s, ETA=3350s
[Score] 86400/1270238 (6.8%) speed=354 samples/s, ETA=3345s
[Score] 88000/1270238 (6.9%) speed=354 samples/s, ETA=3340s
[Score] 89600/1270238 (7.1%) speed=354 samples/s, ETA=3336s
[Score] 91200/1270238 (7.2%) speed=354 samples/s, ETA=3330s
[Score] 92800/1270238 (7.3%) speed=354 samples/s, ETA=3326s
[Score] 94400/1270238 (7.4%) speed=354 samples/s, ETA=3321s
[Score] 96000/1270238 (7.6%) speed=354 samples/s, ETA=3315s
[Score] 97600/1270238 (7.7%) speed=354 samples/s, ETA=3309s
[Score] 99200/1270238 (7.8%) speed=354 samples/s, ETA=3304s
[Score] 100800/1270238 (7.9%) speed=354 samples/s, ETA=3300s
[Score] 102400/1270238 (8.1%) speed=354 samples/s, ETA=3295s
[Score] 104000/1270238 (8.2%) speed=355 samples/s, ETA=3289s
[Score] 105600/1270238 (8.3%) speed=355 samples/s, ETA=3284s
[Score] 107200/1270238 (8.4%) speed=355 samples/s, ETA=3278s
[Score] 108800/1270238 (8.6%) speed=355 samples/s, ETA=3273s
[Score] 110400/1270238 (8.7%) speed=355 samples/s, ETA=3267s
[Score] 112000/1270238 (8.8%) speed=358 samples/s, ETA=3235s
[Score] 113600/1270238 (8.9%) speed=361 samples/s, ETA=3205s
[Score] 115200/1270238 (9.1%) speed=364 samples/s, ETA=3176s
[Score] 116800/1270238 (9.2%) speed=366 samples/s, ETA=3155s
[Score] 118400/1270238 (9.3%) speed=368 samples/s, ETA=3126s
[Score] 120000/1270238 (9.4%) speed=371 samples/s, ETA=3098s
[Score] 121600/1270238 (9.6%) speed=373 samples/s, ETA=3077s
[Score] 123200/1270238 (9.7%) speed=376 samples/s, ETA=3049s
[Score] 124800/1270238 (9.8%) speed=379 samples/s, ETA=3020s
[Score] 126400/1270238 (10.0%) speed=382 samples/s, ETA=2997s
[Score] 128000/1270238 (10.1%) speed=384 samples/s, ETA=2973s
[Score] 129600/1270238 (10.2%) speed=387 samples/s, ETA=2949s
[Score] 131200/1270238 (10.3%) speed=389 samples/s, ETA=2928s
[Score] 132800/1270238 (10.5%) speed=391 samples/s, ETA=2908s
[Score] 134400/1270238 (10.6%) speed=393 samples/s, ETA=2887s
[Score] 136000/1270238 (10.7%) speed=396 samples/s, ETA=2863s
[Score] 137600/1270238 (10.8%) speed=399 samples/s, ETA=2839s
[Score] 139200/1270238 (11.0%) speed=402 samples/s, ETA=2817s
[Score] 140800/1270238 (11.1%) speed=404 samples/s, ETA=2794s
[Score] 142400/1270238 (11.2%) speed=407 samples/s, ETA=2773s
[Score] 144000/1270238 (11.3%) speed=409 samples/s, ETA=2752s
[Score] 145600/1270238 (11.5%) speed=411 samples/s, ETA=2734s
[Score] 147200/1270238 (11.6%) speed=413 samples/s, ETA=2718s
[Score] 148800/1270238 (11.7%) speed=415 samples/s, ETA=2704s
[Score] 150400/1270238 (11.8%) speed=416 samples/s, ETA=2691s
[Score] 152000/1270238 (12.0%) speed=418 samples/s, ETA=2677s
[Score] 153600/1270238 (12.1%) speed=420 samples/s, ETA=2658s
[Score] 155200/1270238 (12.2%) speed=422 samples/s, ETA=2640s
[Score] 156800/1270238 (12.3%) speed=425 samples/s, ETA=2622s
[Score] 158400/1270238 (12.5%) speed=427 samples/s, ETA=2604s
[Score] 160000/1270238 (12.6%) speed=429 samples/s, ETA=2587s
[Score] 161600/1270238 (12.7%) speed=431 samples/s, ETA=2570s
[Score] 163200/1270238 (12.8%) speed=434 samples/s, ETA=2553s
[Score] 164800/1270238 (13.0%) speed=436 samples/s, ETA=2537s
[Score] 166400/1270238 (13.1%) speed=438 samples/s, ETA=2521s
[Score] 168000/1270238 (13.2%) speed=440 samples/s, ETA=2505s
[Score] 169600/1270238 (13.4%) speed=442 samples/s, ETA=2490s
[Score] 171200/1270238 (13.5%) speed=444 samples/s, ETA=2475s
[Score] 172800/1270238 (13.6%) speed=446 samples/s, ETA=2460s
[Score] 174400/1270238 (13.7%) speed=448 samples/s, ETA=2446s
[Score] 176000/1270238 (13.9%) speed=450 samples/s, ETA=2432s
[Score] 177600/1270238 (14.0%) speed=452 samples/s, ETA=2418s
[Score] 179200/1270238 (14.1%) speed=454 samples/s, ETA=2404s
[Score] 180800/1270238 (14.2%) speed=456 samples/s, ETA=2390s
[Score] 182400/1270238 (14.4%) speed=458 samples/s, ETA=2377s
[Score] 184000/1270238 (14.5%) speed=460 samples/s, ETA=2364s
[Score] 185600/1270238 (14.6%) speed=461 samples/s, ETA=2351s
[Score] 187200/1270238 (14.7%) speed=463 samples/s, ETA=2338s
[Score] 188800/1270238 (14.9%) speed=465 samples/s, ETA=2325s
[Score] 190400/1270238 (15.0%) speed=467 samples/s, ETA=2313s
[Score] 192000/1270238 (15.1%) speed=469 samples/s, ETA=2301s
[Score] 193600/1270238 (15.2%) speed=470 samples/s, ETA=2289s
[Score] 195200/1270238 (15.4%) speed=472 samples/s, ETA=2276s
[Score] 196800/1270238 (15.5%) speed=475 samples/s, ETA=2261s
[Score] 198400/1270238 (15.6%) speed=477 samples/s, ETA=2246s
[Score] 200000/1270238 (15.7%) speed=480 samples/s, ETA=2232s
[Score] 201600/1270238 (15.9%) speed=482 samples/s, ETA=2218s
[Score] 203200/1270238 (16.0%) speed=483 samples/s, ETA=2208s
[Score] 204800/1270238 (16.1%) speed=485 samples/s, ETA=2197s
[Score] 206400/1270238 (16.2%) speed=487 samples/s, ETA=2186s
[Score] 208000/1270238 (16.4%) speed=488 samples/s, ETA=2175s
[Score] 209600/1270238 (16.5%) speed=490 samples/s, ETA=2165s
[Score] 211200/1270238 (16.6%) speed=492 samples/s, ETA=2154s
[Score] 212800/1270238 (16.8%) speed=493 samples/s, ETA=2144s
[Score] 214400/1270238 (16.9%) speed=495 samples/s, ETA=2134s
[Score] 216000/1270238 (17.0%) speed=496 samples/s, ETA=2124s
[Score] 217600/1270238 (17.1%) speed=498 samples/s, ETA=2115s
[Score] 219200/1270238 (17.3%) speed=499 samples/s, ETA=2105s
[Score] 220800/1270238 (17.4%) speed=501 samples/s, ETA=2095s
[Score] 222400/1270238 (17.5%) speed=502 samples/s, ETA=2086s
[Score] 224000/1270238 (17.6%) speed=504 samples/s, ETA=2077s
[Score] 225600/1270238 (17.8%) speed=505 samples/s, ETA=2067s
[Score] 227200/1270238 (17.9%) speed=507 samples/s, ETA=2059s
[Score] 228800/1270238 (18.0%) speed=508 samples/s, ETA=2051s
[Score] 230400/1270238 (18.1%) speed=509 samples/s, ETA=2042s
[Score] 232000/1270238 (18.3%) speed=511 samples/s, ETA=2033s
[Score] 233600/1270238 (18.4%) speed=512 samples/s, ETA=2024s
[Score] 235200/1270238 (18.5%) speed=514 samples/s, ETA=2015s
[Score] 236800/1270238 (18.6%) speed=515 samples/s, ETA=2006s
[Score] 238400/1270238 (18.8%) speed=517 samples/s, ETA=1997s
[Score] 240000/1270238 (18.9%) speed=518 samples/s, ETA=1988s
[Score] 241600/1270238 (19.0%) speed=520 samples/s, ETA=1980s
[Score] 243200/1270238 (19.1%) speed=521 samples/s, ETA=1972s
[Score] 244800/1270238 (19.3%) speed=522 samples/s, ETA=1963s
[Score] 246400/1270238 (19.4%) speed=524 samples/s, ETA=1955s
[Score] 248000/1270238 (19.5%) speed=525 samples/s, ETA=1946s
[Score] 249600/1270238 (19.6%) speed=527 samples/s, ETA=1938s
[Score] 251200/1270238 (19.8%) speed=528 samples/s, ETA=1930s
[Score] 252800/1270238 (19.9%) speed=529 samples/s, ETA=1922s
[Score] 254400/1270238 (20.0%) speed=531 samples/s, ETA=1915s
[Score] 256000/1270238 (20.2%) speed=532 samples/s, ETA=1907s
[Score] 257600/1270238 (20.3%) speed=533 samples/s, ETA=1899s
[Score] 259200/1270238 (20.4%) speed=535 samples/s, ETA=1891s
[Score] 260800/1270238 (20.5%) speed=536 samples/s, ETA=1883s
[Score] 262400/1270238 (20.7%) speed=537 samples/s, ETA=1876s
[Score] 264000/1270238 (20.8%) speed=539 samples/s, ETA=1869s
[Score] 265600/1270238 (20.9%) speed=540 samples/s, ETA=1861s
[Score] 267200/1270238 (21.0%) speed=541 samples/s, ETA=1854s
[Score] 268800/1270238 (21.2%) speed=542 samples/s, ETA=1847s
[Score] 270400/1270238 (21.3%) speed=544 samples/s, ETA=1840s
[Score] 272000/1270238 (21.4%) speed=545 samples/s, ETA=1833s
[Score] 273600/1270238 (21.5%) speed=546 samples/s, ETA=1826s
[Score] 275200/1270238 (21.7%) speed=547 samples/s, ETA=1819s
[Score] 276800/1270238 (21.8%) speed=548 samples/s, ETA=1812s
[Score] 278400/1270238 (21.9%) speed=549 samples/s, ETA=1806s
[Score] 280000/1270238 (22.0%) speed=550 samples/s, ETA=1799s
[Score] 281600/1270238 (22.2%) speed=552 samples/s, ETA=1792s
[Score] 283200/1270238 (22.3%) speed=553 samples/s, ETA=1786s
[Score] 284800/1270238 (22.4%) speed=554 samples/s, ETA=1780s
[Score] 286400/1270238 (22.5%) speed=554 samples/s, ETA=1775s
[Score] 288000/1270238 (22.7%) speed=555 samples/s, ETA=1771s
[Score] 289600/1270238 (22.8%) speed=555 samples/s, ETA=1766s
[Score] 291200/1270238 (22.9%) speed=555 samples/s, ETA=1763s
[Score] 292800/1270238 (23.1%) speed=555 samples/s, ETA=1760s
[Score] 294400/1270238 (23.2%) speed=555 samples/s, ETA=1757s
[Score] 296000/1270238 (23.3%) speed=557 samples/s, ETA=1750s
[Score] 297600/1270238 (23.4%) speed=558 samples/s, ETA=1743s
[Score] 299200/1270238 (23.6%) speed=559 samples/s, ETA=1736s
[Score] 300800/1270238 (23.7%) speed=561 samples/s, ETA=1729s
[Score] 302400/1270238 (23.8%) speed=562 samples/s, ETA=1723s
[Score] 304000/1270238 (23.9%) speed=562 samples/s, ETA=1720s
[Score] 305600/1270238 (24.1%) speed=563 samples/s, ETA=1712s
[Score] 307200/1270238 (24.2%) speed=565 samples/s, ETA=1704s
[Score] 308800/1270238 (24.3%) speed=566 samples/s, ETA=1699s
[Score] 310400/1270238 (24.4%) speed=567 samples/s, ETA=1693s
[Score] 312000/1270238 (24.6%) speed=568 samples/s, ETA=1688s
[Score] 313600/1270238 (24.7%) speed=569 samples/s, ETA=1682s
[Score] 315200/1270238 (24.8%) speed=570 samples/s, ETA=1676s
[Score] 316800/1270238 (24.9%) speed=571 samples/s, ETA=1671s
[Score] 318400/1270238 (25.1%) speed=572 samples/s, ETA=1665s
[Score] 320000/1270238 (25.2%) speed=573 samples/s, ETA=1660s
[Score] 321600/1270238 (25.3%) speed=574 samples/s, ETA=1654s
[Score] 323200/1270238 (25.4%) speed=575 samples/s, ETA=1648s
[Score] 324800/1270238 (25.6%) speed=575 samples/s, ETA=1643s
[Score] 326400/1270238 (25.7%) speed=576 samples/s, ETA=1637s
[Score] 328000/1270238 (25.8%) speed=577 samples/s, ETA=1632s
[Score] 329600/1270238 (25.9%) speed=578 samples/s, ETA=1626s
[Score] 331200/1270238 (26.1%) speed=579 samples/s, ETA=1621s
[Score] 332800/1270238 (26.2%) speed=580 samples/s, ETA=1616s
[Score] 334400/1270238 (26.3%) speed=581 samples/s, ETA=1610s
[Score] 336000/1270238 (26.5%) speed=582 samples/s, ETA=1605s
[Score] 337600/1270238 (26.6%) speed=583 samples/s, ETA=1599s
[Score] 339200/1270238 (26.7%) speed=584 samples/s, ETA=1594s
[Score] 340800/1270238 (26.8%) speed=585 samples/s, ETA=1589s
[Score] 342400/1270238 (27.0%) speed=586 samples/s, ETA=1584s
[Score] 344000/1270238 (27.1%) speed=587 samples/s, ETA=1579s
[Score] 345600/1270238 (27.2%) speed=588 samples/s, ETA=1574s
[Score] 347200/1270238 (27.3%) speed=589 samples/s, ETA=1568s
[Score] 348800/1270238 (27.5%) speed=589 samples/s, ETA=1563s
[Score] 350400/1270238 (27.6%) speed=590 samples/s, ETA=1558s
[Score] 352000/1270238 (27.7%) speed=591 samples/s, ETA=1553s
[Score] 353600/1270238 (27.8%) speed=592 samples/s, ETA=1548s
[Score] 355200/1270238 (28.0%) speed=593 samples/s, ETA=1543s
[Score] 356800/1270238 (28.1%) speed=594 samples/s, ETA=1538s
[Score] 358400/1270238 (28.2%) speed=595 samples/s, ETA=1533s
[Score] 360000/1270238 (28.3%) speed=595 samples/s, ETA=1530s
[Score] 361600/1270238 (28.5%) speed=595 samples/s, ETA=1526s
[Score] 363200/1270238 (28.6%) speed=596 samples/s, ETA=1523s
[Score] 364800/1270238 (28.7%) speed=596 samples/s, ETA=1520s
[Score] 366400/1270238 (28.8%) speed=596 samples/s, ETA=1516s
[Score] 368000/1270238 (29.0%) speed=596 samples/s, ETA=1513s
[Score] 369600/1270238 (29.1%) speed=597 samples/s, ETA=1509s
[Score] 371200/1270238 (29.2%) speed=597 samples/s, ETA=1506s
[Score] 372800/1270238 (29.3%) speed=598 samples/s, ETA=1501s
[Score] 374400/1270238 (29.5%) speed=599 samples/s, ETA=1495s
[Score] 376000/1270238 (29.6%) speed=600 samples/s, ETA=1491s
[Score] 377600/1270238 (29.7%) speed=601 samples/s, ETA=1486s
[Score] 379200/1270238 (29.9%) speed=601 samples/s, ETA=1482s
[Score] 380800/1270238 (30.0%) speed=602 samples/s, ETA=1477s
[Score] 382400/1270238 (30.1%) speed=603 samples/s, ETA=1472s
[Score] 384000/1270238 (30.2%) speed=604 samples/s, ETA=1468s
[Score] 385600/1270238 (30.4%) speed=605 samples/s, ETA=1463s
[Score] 387200/1270238 (30.5%) speed=606 samples/s, ETA=1458s
[Score] 388800/1270238 (30.6%) speed=606 samples/s, ETA=1454s
[Score] 390400/1270238 (30.7%) speed=607 samples/s, ETA=1449s
[Score] 392000/1270238 (30.9%) speed=608 samples/s, ETA=1445s
[Score] 393600/1270238 (31.0%) speed=609 samples/s, ETA=1440s
[Score] 395200/1270238 (31.1%) speed=609 samples/s, ETA=1436s
[Score] 396800/1270238 (31.2%) speed=610 samples/s, ETA=1431s
[Score] 398400/1270238 (31.4%) speed=611 samples/s, ETA=1427s
[Score] 400000/1270238 (31.5%) speed=612 samples/s, ETA=1422s
[Score] 401600/1270238 (31.6%) speed=612 samples/s, ETA=1418s
[Score] 403200/1270238 (31.7%) speed=613 samples/s, ETA=1414s
[Score] 404800/1270238 (31.9%) speed=614 samples/s, ETA=1409s
[Score] 406400/1270238 (32.0%) speed=615 samples/s, ETA=1405s
[Score] 408000/1270238 (32.1%) speed=616 samples/s, ETA=1401s
[Score] 409600/1270238 (32.2%) speed=616 samples/s, ETA=1396s
[Score] 411200/1270238 (32.4%) speed=617 samples/s, ETA=1392s
[Score] 412800/1270238 (32.5%) speed=618 samples/s, ETA=1388s
[Score] 414400/1270238 (32.6%) speed=619 samples/s, ETA=1383s
[Score] 416000/1270238 (32.7%) speed=619 samples/s, ETA=1379s
[Score] 417600/1270238 (32.9%) speed=620 samples/s, ETA=1375s
[Score] 419200/1270238 (33.0%) speed=621 samples/s, ETA=1371s
[Score] 420800/1270238 (33.1%) speed=622 samples/s, ETA=1367s
[Score] 422400/1270238 (33.3%) speed=622 samples/s, ETA=1362s
[Score] 424000/1270238 (33.4%) speed=623 samples/s, ETA=1358s
[Score] 425600/1270238 (33.5%) speed=624 samples/s, ETA=1354s
[Score] 427200/1270238 (33.6%) speed=625 samples/s, ETA=1350s
[Score] 428800/1270238 (33.8%) speed=625 samples/s, ETA=1346s
[Score] 430400/1270238 (33.9%) speed=626 samples/s, ETA=1342s
[Score] 432000/1270238 (34.0%) speed=627 samples/s, ETA=1338s
[Score] 433600/1270238 (34.1%) speed=627 samples/s, ETA=1334s
[Score] 435200/1270238 (34.3%) speed=628 samples/s, ETA=1330s
[Score] 436800/1270238 (34.4%) speed=629 samples/s, ETA=1326s
[Score] 438400/1270238 (34.5%) speed=629 samples/s, ETA=1322s
[Score] 440000/1270238 (34.6%) speed=630 samples/s, ETA=1318s
[Score] 441600/1270238 (34.8%) speed=630 samples/s, ETA=1315s
[Score] 443200/1270238 (34.9%) speed=631 samples/s, ETA=1311s
[Score] 444800/1270238 (35.0%) speed=631 samples/s, ETA=1307s
[Score] 446400/1270238 (35.1%) speed=632 samples/s, ETA=1303s
[Score] 448000/1270238 (35.3%) speed=633 samples/s, ETA=1300s
[Score] 449600/1270238 (35.4%) speed=633 samples/s, ETA=1296s
[Score] 451200/1270238 (35.5%) speed=632 samples/s, ETA=1296s
[Score] 452800/1270238 (35.6%) speed=631 samples/s, ETA=1296s
[Score] 454400/1270238 (35.8%) speed=631 samples/s, ETA=1293s
[Score] 456000/1270238 (35.9%) speed=632 samples/s, ETA=1289s
[Score] 457600/1270238 (36.0%) speed=633 samples/s, ETA=1285s
[Score] 459200/1270238 (36.2%) speed=633 samples/s, ETA=1281s
[Score] 460800/1270238 (36.3%) speed=634 samples/s, ETA=1277s
[Score] 462400/1270238 (36.4%) speed=634 samples/s, ETA=1273s
[Score] 464000/1270238 (36.5%) speed=635 samples/s, ETA=1270s
[Score] 465600/1270238 (36.7%) speed=636 samples/s, ETA=1266s
[Score] 467200/1270238 (36.8%) speed=636 samples/s, ETA=1262s
[Score] 468800/1270238 (36.9%) speed=637 samples/s, ETA=1258s
[Score] 470400/1270238 (37.0%) speed=638 samples/s, ETA=1255s
[Score] 472000/1270238 (37.2%) speed=638 samples/s, ETA=1251s
[Score] 473600/1270238 (37.3%) speed=638 samples/s, ETA=1249s
[Score] 475200/1270238 (37.4%) speed=636 samples/s, ETA=1249s
[Score] 476800/1270238 (37.5%) speed=634 samples/s, ETA=1251s
[Score] 478400/1270238 (37.7%) speed=633 samples/s, ETA=1250s
[Score] 480000/1270238 (37.8%) speed=633 samples/s, ETA=1249s
[Score] 481600/1270238 (37.9%) speed=632 samples/s, ETA=1248s
[Score] 483200/1270238 (38.0%) speed=631 samples/s, ETA=1248s
[Score] 484800/1270238 (38.2%) speed=629 samples/s, ETA=1248s
[Score] 486400/1270238 (38.3%) speed=627 samples/s, ETA=1249s
[Score] 488000/1270238 (38.4%) speed=626 samples/s, ETA=1250s
[Score] 489600/1270238 (38.5%) speed=624 samples/s, ETA=1251s
[Score] 491200/1270238 (38.7%) speed=623 samples/s, ETA=1251s
[Score] 492800/1270238 (38.8%) speed=621 samples/s, ETA=1252s
[Score] 494400/1270238 (38.9%) speed=619 samples/s, ETA=1252s
[Score] 496000/1270238 (39.0%) speed=618 samples/s, ETA=1253s
[Score] 497600/1270238 (39.2%) speed=616 samples/s, ETA=1253s
[Score] 499200/1270238 (39.3%) speed=615 samples/s, ETA=1254s
[Score] 500800/1270238 (39.4%) speed=613 samples/s, ETA=1255s
[Score] 502400/1270238 (39.6%) speed=612 samples/s, ETA=1255s
[Score] 504000/1270238 (39.7%) speed=610 samples/s, ETA=1256s
[Score] 505600/1270238 (39.8%) speed=609 samples/s, ETA=1256s
[Score] 507200/1270238 (39.9%) speed=607 samples/s, ETA=1256s
[Score] 508800/1270238 (40.1%) speed=606 samples/s, ETA=1257s
[Score] 510400/1270238 (40.2%) speed=605 samples/s, ETA=1257s
[Score] 512000/1270238 (40.3%) speed=603 samples/s, ETA=1257s
[Score] 513600/1270238 (40.4%) speed=602 samples/s, ETA=1257s
[Score] 515200/1270238 (40.6%) speed=600 samples/s, ETA=1258s
[Score] 516800/1270238 (40.7%) speed=599 samples/s, ETA=1258s
[Score] 518400/1270238 (40.8%) speed=598 samples/s, ETA=1258s
[Score] 520000/1270238 (40.9%) speed=597 samples/s, ETA=1258s
[Score] 521600/1270238 (41.1%) speed=595 samples/s, ETA=1258s
[Score] 523200/1270238 (41.2%) speed=594 samples/s, ETA=1258s
[Score] 524800/1270238 (41.3%) speed=593 samples/s, ETA=1258s
[Score] 526400/1270238 (41.4%) speed=591 samples/s, ETA=1258s
[Score] 528000/1270238 (41.6%) speed=590 samples/s, ETA=1258s
[Score] 529600/1270238 (41.7%) speed=589 samples/s, ETA=1258s
[Score] 531200/1270238 (41.8%) speed=588 samples/s, ETA=1257s
[Score] 532800/1270238 (41.9%) speed=587 samples/s, ETA=1257s
[Score] 534400/1270238 (42.1%) speed=585 samples/s, ETA=1257s
[Score] 536000/1270238 (42.2%) speed=584 samples/s, ETA=1257s
[Score] 537600/1270238 (42.3%) speed=583 samples/s, ETA=1257s
[Score] 539200/1270238 (42.4%) speed=582 samples/s, ETA=1256s
[Score] 540800/1270238 (42.6%) speed=581 samples/s, ETA=1256s
[Score] 542400/1270238 (42.7%) speed=580 samples/s, ETA=1256s
[Score] 544000/1270238 (42.8%) speed=579 samples/s, ETA=1255s
[Score] 545600/1270238 (43.0%) speed=577 samples/s, ETA=1255s
[Score] 547200/1270238 (43.1%) speed=577 samples/s, ETA=1253s
[Score] 548800/1270238 (43.2%) speed=578 samples/s, ETA=1249s
[Score] 550400/1270238 (43.3%) speed=578 samples/s, ETA=1245s
[Score] 552000/1270238 (43.5%) speed=579 samples/s, ETA=1241s
[Score] 553600/1270238 (43.6%) speed=579 samples/s, ETA=1237s
[Score] 555200/1270238 (43.7%) speed=580 samples/s, ETA=1233s
[Score] 556800/1270238 (43.8%) speed=580 samples/s, ETA=1230s
[Score] 558400/1270238 (44.0%) speed=581 samples/s, ETA=1226s
[Score] 560000/1270238 (44.1%) speed=581 samples/s, ETA=1222s
[Score] 561600/1270238 (44.2%) speed=582 samples/s, ETA=1218s
[Score] 563200/1270238 (44.3%) speed=582 samples/s, ETA=1215s
[Score] 564800/1270238 (44.5%) speed=583 samples/s, ETA=1211s
[Score] 566400/1270238 (44.6%) speed=583 samples/s, ETA=1207s
[Score] 568000/1270238 (44.7%) speed=583 samples/s, ETA=1204s
[Score] 569600/1270238 (44.8%) speed=584 samples/s, ETA=1200s
[Score] 571200/1270238 (45.0%) speed=584 samples/s, ETA=1196s
[Score] 572800/1270238 (45.1%) speed=585 samples/s, ETA=1193s
[Score] 574400/1270238 (45.2%) speed=585 samples/s, ETA=1189s
[Score] 576000/1270238 (45.3%) speed=586 samples/s, ETA=1185s
[Score] 577600/1270238 (45.5%) speed=586 samples/s, ETA=1182s
[Score] 579200/1270238 (45.6%) speed=587 samples/s, ETA=1178s
[Score] 580800/1270238 (45.7%) speed=587 samples/s, ETA=1174s
[Score] 582400/1270238 (45.8%) speed=588 samples/s, ETA=1171s
[Score] 584000/1270238 (46.0%) speed=588 samples/s, ETA=1167s
[Score] 585600/1270238 (46.1%) speed=588 samples/s, ETA=1163s
[Score] 587200/1270238 (46.2%) speed=589 samples/s, ETA=1160s
[Score] 588800/1270238 (46.4%) speed=589 samples/s, ETA=1156s
[Score] 590400/1270238 (46.5%) speed=590 samples/s, ETA=1153s
[Score] 592000/1270238 (46.6%) speed=590 samples/s, ETA=1149s
[Score] 593600/1270238 (46.7%) speed=591 samples/s, ETA=1146s
[Score] 595200/1270238 (46.9%) speed=591 samples/s, ETA=1142s
[Score] 596800/1270238 (47.0%) speed=591 samples/s, ETA=1139s
[Score] 598400/1270238 (47.1%) speed=592 samples/s, ETA=1135s
[Score] 600000/1270238 (47.2%) speed=592 samples/s, ETA=1131s
[Score] 601600/1270238 (47.4%) speed=593 samples/s, ETA=1128s
[Score] 603200/1270238 (47.5%) speed=593 samples/s, ETA=1124s
[Score] 604800/1270238 (47.6%) speed=594 samples/s, ETA=1121s
[Score] 606400/1270238 (47.7%) speed=594 samples/s, ETA=1117s
[Score] 608000/1270238 (47.9%) speed=595 samples/s, ETA=1114s
[Score] 609600/1270238 (48.0%) speed=595 samples/s, ETA=1110s
[Score] 611200/1270238 (48.1%) speed=595 samples/s, ETA=1107s
[Score] 612800/1270238 (48.2%) speed=596 samples/s, ETA=1104s
[Score] 614400/1270238 (48.4%) speed=596 samples/s, ETA=1100s
[Score] 616000/1270238 (48.5%) speed=596 samples/s, ETA=1099s
[Score] 617600/1270238 (48.6%) speed=594 samples/s, ETA=1098s
[Score] 619200/1270238 (48.7%) speed=593 samples/s, ETA=1097s
[Score] 620800/1270238 (48.9%) speed=592 samples/s, ETA=1097s
[Score] 622400/1270238 (49.0%) speed=591 samples/s, ETA=1096s
[Score] 624000/1270238 (49.1%) speed=590 samples/s, ETA=1095s
[Score] 625600/1270238 (49.3%) speed=589 samples/s, ETA=1094s
[Score] 627200/1270238 (49.4%) speed=588 samples/s, ETA=1094s
[Score] 628800/1270238 (49.5%) speed=587 samples/s, ETA=1093s
[Score] 630400/1270238 (49.6%) speed=586 samples/s, ETA=1092s
[Score] 632000/1270238 (49.8%) speed=585 samples/s, ETA=1091s
[Score] 633600/1270238 (49.9%) speed=584 samples/s, ETA=1090s
[Score] 635200/1270238 (50.0%) speed=583 samples/s, ETA=1089s
[Score] 636800/1270238 (50.1%) speed=582 samples/s, ETA=1089s
[Score] 638400/1270238 (50.3%) speed=581 samples/s, ETA=1088s
[Score] 640000/1270238 (50.4%) speed=580 samples/s, ETA=1086s
[Score] 641600/1270238 (50.5%) speed=580 samples/s, ETA=1085s
[Score] 643200/1270238 (50.6%) speed=579 samples/s, ETA=1084s
[Score] 644800/1270238 (50.8%) speed=578 samples/s, ETA=1082s
[Score] 646400/1270238 (50.9%) speed=577 samples/s, ETA=1081s
[Score] 648000/1270238 (51.0%) speed=576 samples/s, ETA=1080s
[Score] 649600/1270238 (51.1%) speed=575 samples/s, ETA=1079s
[Score] 651200/1270238 (51.3%) speed=575 samples/s, ETA=1077s
[Score] 652800/1270238 (51.4%) speed=574 samples/s, ETA=1076s
[Score] 654400/1270238 (51.5%) speed=573 samples/s, ETA=1075s
[Score] 656000/1270238 (51.6%) speed=572 samples/s, ETA=1073s
[Score] 657600/1270238 (51.8%) speed=571 samples/s, ETA=1072s
[Score] 659200/1270238 (51.9%) speed=571 samples/s, ETA=1071s
[Score] 660800/1270238 (52.0%) speed=570 samples/s, ETA=1069s
[Score] 662400/1270238 (52.1%) speed=569 samples/s, ETA=1068s
[Score] 664000/1270238 (52.3%) speed=568 samples/s, ETA=1067s
[Score] 665600/1270238 (52.4%) speed=567 samples/s, ETA=1066s
[Score] 667200/1270238 (52.5%) speed=566 samples/s, ETA=1065s
[Score] 668800/1270238 (52.7%) speed=565 samples/s, ETA=1064s
[Score] 670400/1270238 (52.8%) speed=564 samples/s, ETA=1063s
[Score] 672000/1270238 (52.9%) speed=563 samples/s, ETA=1062s
[Score] 673600/1270238 (53.0%) speed=563 samples/s, ETA=1060s
[Score] 675200/1270238 (53.2%) speed=562 samples/s, ETA=1059s
[Score] 676800/1270238 (53.3%) speed=561 samples/s, ETA=1058s
[Score] 678400/1270238 (53.4%) speed=560 samples/s, ETA=1057s
[Score] 680000/1270238 (53.5%) speed=559 samples/s, ETA=1056s
[Score] 681600/1270238 (53.7%) speed=558 samples/s, ETA=1055s
[Score] 683200/1270238 (53.8%) speed=557 samples/s, ETA=1053s
[Score] 684800/1270238 (53.9%) speed=556 samples/s, ETA=1052s
[Score] 686400/1270238 (54.0%) speed=556 samples/s, ETA=1051s
[Score] 688000/1270238 (54.2%) speed=555 samples/s, ETA=1050s
[Score] 689600/1270238 (54.3%) speed=554 samples/s, ETA=1048s
[Score] 691200/1270238 (54.4%) speed=553 samples/s, ETA=1047s
[Score] 692800/1270238 (54.5%) speed=552 samples/s, ETA=1046s
[Score] 694400/1270238 (54.7%) speed=551 samples/s, ETA=1044s
[Score] 696000/1270238 (54.8%) speed=551 samples/s, ETA=1043s
[Score] 697600/1270238 (54.9%) speed=550 samples/s, ETA=1042s
[Score] 699200/1270238 (55.0%) speed=549 samples/s, ETA=1040s
[Score] 700800/1270238 (55.2%) speed=548 samples/s, ETA=1039s
[Score] 702400/1270238 (55.3%) speed=547 samples/s, ETA=1037s
[Score] 704000/1270238 (55.4%) speed=547 samples/s, ETA=1036s
[Score] 705600/1270238 (55.5%) speed=546 samples/s, ETA=1034s
[Score] 707200/1270238 (55.7%) speed=545 samples/s, ETA=1033s
[Score] 708800/1270238 (55.8%) speed=544 samples/s, ETA=1031s
[Score] 710400/1270238 (55.9%) speed=544 samples/s, ETA=1030s
[Score] 712000/1270238 (56.1%) speed=543 samples/s, ETA=1028s
[Score] 713600/1270238 (56.2%) speed=542 samples/s, ETA=1027s
[Score] 715200/1270238 (56.3%) speed=541 samples/s, ETA=1025s
[Score] 716800/1270238 (56.4%) speed=541 samples/s, ETA=1024s
[Score] 718400/1270238 (56.6%) speed=540 samples/s, ETA=1022s
[Score] 720000/1270238 (56.7%) speed=539 samples/s, ETA=1021s
[Score] 721600/1270238 (56.8%) speed=538 samples/s, ETA=1019s
[Score] 723200/1270238 (56.9%) speed=538 samples/s, ETA=1017s
[Score] 724800/1270238 (57.1%) speed=537 samples/s, ETA=1016s
[Score] 726400/1270238 (57.2%) speed=536 samples/s, ETA=1014s
[Score] 728000/1270238 (57.3%) speed=536 samples/s, ETA=1012s
[Score] 729600/1270238 (57.4%) speed=535 samples/s, ETA=1011s
[Score] 731200/1270238 (57.6%) speed=534 samples/s, ETA=1009s
[Score] 732800/1270238 (57.7%) speed=534 samples/s, ETA=1007s
[Score] 734400/1270238 (57.8%) speed=533 samples/s, ETA=1006s
[Score] 736000/1270238 (57.9%) speed=532 samples/s, ETA=1004s
[Score] 737600/1270238 (58.1%) speed=532 samples/s, ETA=1002s
[Score] 739200/1270238 (58.2%) speed=531 samples/s, ETA=1000s
[Score] 740800/1270238 (58.3%) speed=530 samples/s, ETA=999s
[Score] 742400/1270238 (58.4%) speed=530 samples/s, ETA=997s
[Score] 744000/1270238 (58.6%) speed=529 samples/s, ETA=995s
[Score] 745600/1270238 (58.7%) speed=528 samples/s, ETA=993s
[Score] 747200/1270238 (58.8%) speed=528 samples/s, ETA=991s
[Score] 748800/1270238 (58.9%) speed=527 samples/s, ETA=990s
[Score] 750400/1270238 (59.1%) speed=526 samples/s, ETA=988s
[Score] 752000/1270238 (59.2%) speed=526 samples/s, ETA=986s
[Score] 753600/1270238 (59.3%) speed=525 samples/s, ETA=984s
[Score] 755200/1270238 (59.5%) speed=524 samples/s, ETA=982s
[Score] 756800/1270238 (59.6%) speed=524 samples/s, ETA=980s
[Score] 758400/1270238 (59.7%) speed=523 samples/s, ETA=978s
[Score] 760000/1270238 (59.8%) speed=523 samples/s, ETA=976s
[Score] 761600/1270238 (60.0%) speed=522 samples/s, ETA=975s
[Score] 763200/1270238 (60.1%) speed=521 samples/s, ETA=973s
[Score] 764800/1270238 (60.2%) speed=521 samples/s, ETA=971s
[Score] 766400/1270238 (60.3%) speed=520 samples/s, ETA=969s
[Score] 768000/1270238 (60.5%) speed=520 samples/s, ETA=967s
[Score] 769600/1270238 (60.6%) speed=519 samples/s, ETA=965s
[Score] 771200/1270238 (60.7%) speed=518 samples/s, ETA=963s
[Score] 772800/1270238 (60.8%) speed=518 samples/s, ETA=961s
[Score] 774400/1270238 (61.0%) speed=517 samples/s, ETA=959s
[Score] 776000/1270238 (61.1%) speed=517 samples/s, ETA=957s
[Score] 777600/1270238 (61.2%) speed=516 samples/s, ETA=955s
[Score] 779200/1270238 (61.3%) speed=515 samples/s, ETA=953s
[Score] 780800/1270238 (61.5%) speed=515 samples/s, ETA=951s
[Score] 782400/1270238 (61.6%) speed=514 samples/s, ETA=948s
[Score] 784000/1270238 (61.7%) speed=514 samples/s, ETA=946s
[Score] 785600/1270238 (61.8%) speed=513 samples/s, ETA=944s
[Score] 787200/1270238 (62.0%) speed=513 samples/s, ETA=942s
[Score] 788800/1270238 (62.1%) speed=512 samples/s, ETA=940s
[Score] 790400/1270238 (62.2%) speed=512 samples/s, ETA=938s
[Score] 792000/1270238 (62.4%) speed=511 samples/s, ETA=936s
[Score] 793600/1270238 (62.5%) speed=511 samples/s, ETA=934s
[Score] 795200/1270238 (62.6%) speed=510 samples/s, ETA=931s
[Score] 796800/1270238 (62.7%) speed=510 samples/s, ETA=929s
[Score] 798400/1270238 (62.9%) speed=509 samples/s, ETA=927s
[Score] 800000/1270238 (63.0%) speed=508 samples/s, ETA=925s
[Score] 801600/1270238 (63.1%) speed=508 samples/s, ETA=923s
[Score] 803200/1270238 (63.2%) speed=507 samples/s, ETA=920s
[Score] 804800/1270238 (63.4%) speed=507 samples/s, ETA=918s
[Score] 806400/1270238 (63.5%) speed=506 samples/s, ETA=916s
[Score] 808000/1270238 (63.6%) speed=506 samples/s, ETA=914s
[Score] 809600/1270238 (63.7%) speed=505 samples/s, ETA=912s
[Score] 811200/1270238 (63.9%) speed=505 samples/s, ETA=909s
[Score] 812800/1270238 (64.0%) speed=504 samples/s, ETA=907s
[Score] 814400/1270238 (64.1%) speed=504 samples/s, ETA=905s
[Score] 816000/1270238 (64.2%) speed=503 samples/s, ETA=902s
[Score] 817600/1270238 (64.4%) speed=503 samples/s, ETA=900s
[Score] 819200/1270238 (64.5%) speed=502 samples/s, ETA=898s
[Score] 820800/1270238 (64.6%) speed=502 samples/s, ETA=895s
[Score] 822400/1270238 (64.7%) speed=501 samples/s, ETA=893s
[Score] 824000/1270238 (64.9%) speed=501 samples/s, ETA=891s
[Score] 825600/1270238 (65.0%) speed=501 samples/s, ETA=888s
[Score] 827200/1270238 (65.1%) speed=500 samples/s, ETA=886s
[Score] 828800/1270238 (65.2%) speed=500 samples/s, ETA=884s
[Score] 830400/1270238 (65.4%) speed=499 samples/s, ETA=881s
[Score] 832000/1270238 (65.5%) speed=499 samples/s, ETA=879s
[Score] 833600/1270238 (65.6%) speed=498 samples/s, ETA=876s
[Score] 835200/1270238 (65.8%) speed=498 samples/s, ETA=874s
[Score] 836800/1270238 (65.9%) speed=497 samples/s, ETA=872s
[Score] 838400/1270238 (66.0%) speed=497 samples/s, ETA=869s
[Score] 840000/1270238 (66.1%) speed=496 samples/s, ETA=867s
[Score] 841600/1270238 (66.3%) speed=496 samples/s, ETA=864s
[Score] 843200/1270238 (66.4%) speed=495 samples/s, ETA=862s
[Score] 844800/1270238 (66.5%) speed=495 samples/s, ETA=859s
[Score] 846400/1270238 (66.6%) speed=495 samples/s, ETA=857s
[Score] 848000/1270238 (66.8%) speed=494 samples/s, ETA=855s
[Score] 849600/1270238 (66.9%) speed=494 samples/s, ETA=852s
[Score] 851200/1270238 (67.0%) speed=493 samples/s, ETA=849s
[Score] 852800/1270238 (67.1%) speed=493 samples/s, ETA=847s
[Score] 854400/1270238 (67.3%) speed=493 samples/s, ETA=844s
[Score] 856000/1270238 (67.4%) speed=492 samples/s, ETA=842s
[Score] 857600/1270238 (67.5%) speed=492 samples/s, ETA=839s
[Score] 859200/1270238 (67.6%) speed=492 samples/s, ETA=836s
[Score] 860800/1270238 (67.8%) speed=491 samples/s, ETA=833s
[Score] 862400/1270238 (67.9%) speed=491 samples/s, ETA=830s
[Score] 864000/1270238 (68.0%) speed=491 samples/s, ETA=827s
[Score] 865600/1270238 (68.1%) speed=491 samples/s, ETA=824s
[Score] 867200/1270238 (68.3%) speed=491 samples/s, ETA=821s
[Score] 868800/1270238 (68.4%) speed=491 samples/s, ETA=818s
[Score] 870400/1270238 (68.5%) speed=491 samples/s, ETA=815s
[Score] 872000/1270238 (68.6%) speed=491 samples/s, ETA=811s
[Score] 873600/1270238 (68.8%) speed=491 samples/s, ETA=808s
[Score] 875200/1270238 (68.9%) speed=491 samples/s, ETA=805s
[Score] 876800/1270238 (69.0%) speed=491 samples/s, ETA=802s
[Score] 878400/1270238 (69.2%) speed=491 samples/s, ETA=799s
[Score] 880000/1270238 (69.3%) speed=490 samples/s, ETA=796s
[Score] 881600/1270238 (69.4%) speed=490 samples/s, ETA=793s
[Score] 883200/1270238 (69.5%) speed=490 samples/s, ETA=789s
[Score] 884800/1270238 (69.7%) speed=490 samples/s, ETA=786s
[Score] 886400/1270238 (69.8%) speed=490 samples/s, ETA=783s
[Score] 888000/1270238 (69.9%) speed=490 samples/s, ETA=780s
[Score] 889600/1270238 (70.0%) speed=490 samples/s, ETA=777s
[Score] 891200/1270238 (70.2%) speed=490 samples/s, ETA=774s
[Score] 892800/1270238 (70.3%) speed=490 samples/s, ETA=771s
[Score] 894400/1270238 (70.4%) speed=490 samples/s, ETA=767s
[Score] 896000/1270238 (70.5%) speed=490 samples/s, ETA=764s
[Score] 897600/1270238 (70.7%) speed=489 samples/s, ETA=761s
[Score] 899200/1270238 (70.8%) speed=489 samples/s, ETA=759s
[Score] 900800/1270238 (70.9%) speed=489 samples/s, ETA=756s
[Score] 902400/1270238 (71.0%) speed=488 samples/s, ETA=753s
[Score] 904000/1270238 (71.2%) speed=488 samples/s, ETA=750s
[Score] 905600/1270238 (71.3%) speed=488 samples/s, ETA=747s
[Score] 907200/1270238 (71.4%) speed=488 samples/s, ETA=744s
[Score] 908800/1270238 (71.5%) speed=488 samples/s, ETA=741s
[Score] 910400/1270238 (71.7%) speed=488 samples/s, ETA=738s
[Score] 912000/1270238 (71.8%) speed=488 samples/s, ETA=735s
[Score] 913600/1270238 (71.9%) speed=488 samples/s, ETA=731s
[Score] 915200/1270238 (72.0%) speed=488 samples/s, ETA=728s
[Score] 916800/1270238 (72.2%) speed=487 samples/s, ETA=725s
[Score] 918400/1270238 (72.3%) speed=487 samples/s, ETA=722s
[Score] 920000/1270238 (72.4%) speed=487 samples/s, ETA=719s
[Score] 921600/1270238 (72.6%) speed=487 samples/s, ETA=716s
[Score] 923200/1270238 (72.7%) speed=487 samples/s, ETA=713s
[Score] 924800/1270238 (72.8%) speed=487 samples/s, ETA=710s
[Score] 926400/1270238 (72.9%) speed=486 samples/s, ETA=707s
[Score] 928000/1270238 (73.1%) speed=486 samples/s, ETA=704s
[Score] 929600/1270238 (73.2%) speed=486 samples/s, ETA=701s
[Score] 931200/1270238 (73.3%) speed=486 samples/s, ETA=698s
[Score] 932800/1270238 (73.4%) speed=486 samples/s, ETA=694s
[Score] 934400/1270238 (73.6%) speed=486 samples/s, ETA=691s
[Score] 936000/1270238 (73.7%) speed=486 samples/s, ETA=688s
[Score] 937600/1270238 (73.8%) speed=485 samples/s, ETA=685s
[Score] 939200/1270238 (73.9%) speed=485 samples/s, ETA=682s
[Score] 940800/1270238 (74.1%) speed=485 samples/s, ETA=679s
[Score] 942400/1270238 (74.2%) speed=485 samples/s, ETA=676s
[Score] 944000/1270238 (74.3%) speed=485 samples/s, ETA=673s
[Score] 945600/1270238 (74.4%) speed=485 samples/s, ETA=670s
[Score] 947200/1270238 (74.6%) speed=485 samples/s, ETA=667s
[Score] 948800/1270238 (74.7%) speed=485 samples/s, ETA=663s
[Score] 950400/1270238 (74.8%) speed=484 samples/s, ETA=660s
[Score] 952000/1270238 (74.9%) speed=484 samples/s, ETA=657s
[Score] 953600/1270238 (75.1%) speed=484 samples/s, ETA=654s
[Score] 955200/1270238 (75.2%) speed=484 samples/s, ETA=651s
[Score] 956800/1270238 (75.3%) speed=484 samples/s, ETA=648s
[Score] 958400/1270238 (75.5%) speed=484 samples/s, ETA=644s
[Score] 960000/1270238 (75.6%) speed=484 samples/s, ETA=641s
[Score] 961600/1270238 (75.7%) speed=484 samples/s, ETA=638s
[Score] 963200/1270238 (75.8%) speed=484 samples/s, ETA=635s
[Score] 964800/1270238 (76.0%) speed=484 samples/s, ETA=631s
[Score] 966400/1270238 (76.1%) speed=484 samples/s, ETA=628s
[Score] 968000/1270238 (76.2%) speed=484 samples/s, ETA=625s
[Score] 969600/1270238 (76.3%) speed=484 samples/s, ETA=622s
[Score] 971200/1270238 (76.5%) speed=483 samples/s, ETA=619s
[Score] 972800/1270238 (76.6%) speed=483 samples/s, ETA=616s
[Score] 974400/1270238 (76.7%) speed=483 samples/s, ETA=612s
[Score] 976000/1270238 (76.8%) speed=483 samples/s, ETA=609s
[Score] 977600/1270238 (77.0%) speed=484 samples/s, ETA=605s
[Score] 979200/1270238 (77.1%) speed=484 samples/s, ETA=601s
[Score] 980800/1270238 (77.2%) speed=484 samples/s, ETA=598s
[Score] 982400/1270238 (77.3%) speed=484 samples/s, ETA=595s
[Score] 984000/1270238 (77.5%) speed=484 samples/s, ETA=592s
[Score] 985600/1270238 (77.6%) speed=484 samples/s, ETA=588s
[Score] 987200/1270238 (77.7%) speed=484 samples/s, ETA=585s
[Score] 988800/1270238 (77.8%) speed=484 samples/s, ETA=582s
[Score] 990400/1270238 (78.0%) speed=483 samples/s, ETA=579s
[Score] 992000/1270238 (78.1%) speed=483 samples/s, ETA=576s
[Score] 993600/1270238 (78.2%) speed=483 samples/s, ETA=572s
[Score] 995200/1270238 (78.3%) speed=483 samples/s, ETA=569s
[Score] 996800/1270238 (78.5%) speed=483 samples/s, ETA=566s
[Score] 998400/1270238 (78.6%) speed=483 samples/s, ETA=563s
[Score] 1000000/1270238 (78.7%) speed=483 samples/s, ETA=560s
[Score] 1001600/1270238 (78.9%) speed=482 samples/s, ETA=557s
[Score] 1003200/1270238 (79.0%) speed=482 samples/s, ETA=554s
[Score] 1004800/1270238 (79.1%) speed=482 samples/s, ETA=550s
[Score] 1006400/1270238 (79.2%) speed=482 samples/s, ETA=547s
[Score] 1008000/1270238 (79.4%) speed=482 samples/s, ETA=544s
[Score] 1009600/1270238 (79.5%) speed=482 samples/s, ETA=541s
[Score] 1011200/1270238 (79.6%) speed=482 samples/s, ETA=538s
[Score] 1012800/1270238 (79.7%) speed=482 samples/s, ETA=535s
[Score] 1014400/1270238 (79.9%) speed=481 samples/s, ETA=531s
[Score] 1016000/1270238 (80.0%) speed=481 samples/s, ETA=528s
[Score] 1017600/1270238 (80.1%) speed=481 samples/s, ETA=525s
[Score] 1019200/1270238 (80.2%) speed=481 samples/s, ETA=522s
[Score] 1020800/1270238 (80.4%) speed=481 samples/s, ETA=519s
[Score] 1022400/1270238 (80.5%) speed=481 samples/s, ETA=515s
[Score] 1024000/1270238 (80.6%) speed=481 samples/s, ETA=512s
[Score] 1025600/1270238 (80.7%) speed=481 samples/s, ETA=509s
[Score] 1027200/1270238 (80.9%) speed=481 samples/s, ETA=506s
[Score] 1028800/1270238 (81.0%) speed=480 samples/s, ETA=503s
[Score] 1030400/1270238 (81.1%) speed=480 samples/s, ETA=499s
[Score] 1032000/1270238 (81.2%) speed=480 samples/s, ETA=496s
[Score] 1033600/1270238 (81.4%) speed=480 samples/s, ETA=493s
[Score] 1035200/1270238 (81.5%) speed=480 samples/s, ETA=490s
[Score] 1036800/1270238 (81.6%) speed=480 samples/s, ETA=487s
[Score] 1038400/1270238 (81.7%) speed=480 samples/s, ETA=483s
[Score] 1040000/1270238 (81.9%) speed=480 samples/s, ETA=480s
[Score] 1041600/1270238 (82.0%) speed=479 samples/s, ETA=477s
[Score] 1043200/1270238 (82.1%) speed=479 samples/s, ETA=474s
[Score] 1044800/1270238 (82.3%) speed=479 samples/s, ETA=471s
[Score] 1046400/1270238 (82.4%) speed=479 samples/s, ETA=468s
[Score] 1048000/1270238 (82.5%) speed=479 samples/s, ETA=464s
[Score] 1049600/1270238 (82.6%) speed=479 samples/s, ETA=461s
[Score] 1051200/1270238 (82.8%) speed=478 samples/s, ETA=458s
[Score] 1052800/1270238 (82.9%) speed=478 samples/s, ETA=454s
[Score] 1054400/1270238 (83.0%) speed=478 samples/s, ETA=451s
[Score] 1056000/1270238 (83.1%) speed=478 samples/s, ETA=448s
[Score] 1057600/1270238 (83.3%) speed=478 samples/s, ETA=445s
[Score] 1059200/1270238 (83.4%) speed=478 samples/s, ETA=442s
[Score] 1060800/1270238 (83.5%) speed=478 samples/s, ETA=438s
[Score] 1062400/1270238 (83.6%) speed=478 samples/s, ETA=435s
[Score] 1064000/1270238 (83.8%) speed=478 samples/s, ETA=432s
[Score] 1065600/1270238 (83.9%) speed=478 samples/s, ETA=428s
[Score] 1067200/1270238 (84.0%) speed=478 samples/s, ETA=425s
[Score] 1068800/1270238 (84.1%) speed=478 samples/s, ETA=422s
[Score] 1070400/1270238 (84.3%) speed=478 samples/s, ETA=418s
[Score] 1072000/1270238 (84.4%) speed=478 samples/s, ETA=415s
[Score] 1073600/1270238 (84.5%) speed=478 samples/s, ETA=412s
[Score] 1075200/1270238 (84.6%) speed=478 samples/s, ETA=408s
[Score] 1076800/1270238 (84.8%) speed=478 samples/s, ETA=405s
[Score] 1078400/1270238 (84.9%) speed=478 samples/s, ETA=402s
[Score] 1080000/1270238 (85.0%) speed=478 samples/s, ETA=398s
[Score] 1081600/1270238 (85.1%) speed=478 samples/s, ETA=395s
[Score] 1083200/1270238 (85.3%) speed=477 samples/s, ETA=392s
[Score] 1084800/1270238 (85.4%) speed=477 samples/s, ETA=389s
[Score] 1086400/1270238 (85.5%) speed=477 samples/s, ETA=386s
[Score] 1088000/1270238 (85.7%) speed=476 samples/s, ETA=383s
[Score] 1089600/1270238 (85.8%) speed=476 samples/s, ETA=379s
[Score] 1091200/1270238 (85.9%) speed=476 samples/s, ETA=376s
[Score] 1092800/1270238 (86.0%) speed=475 samples/s, ETA=373s
[Score] 1094400/1270238 (86.2%) speed=475 samples/s, ETA=370s
[Score] 1096000/1270238 (86.3%) speed=475 samples/s, ETA=367s
[Score] 1097600/1270238 (86.4%) speed=475 samples/s, ETA=364s
[Score] 1099200/1270238 (86.5%) speed=474 samples/s, ETA=361s
[Score] 1100800/1270238 (86.7%) speed=474 samples/s, ETA=358s
[Score] 1102400/1270238 (86.8%) speed=474 samples/s, ETA=354s
[Score] 1104000/1270238 (86.9%) speed=473 samples/s, ETA=351s
[Score] 1105600/1270238 (87.0%) speed=473 samples/s, ETA=348s
[Score] 1107200/1270238 (87.2%) speed=473 samples/s, ETA=345s
[Score] 1108800/1270238 (87.3%) speed=473 samples/s, ETA=341s
[Score] 1110400/1270238 (87.4%) speed=473 samples/s, ETA=338s
[Score] 1112000/1270238 (87.5%) speed=473 samples/s, ETA=335s
[Score] 1113600/1270238 (87.7%) speed=472 samples/s, ETA=332s
[Score] 1115200/1270238 (87.8%) speed=472 samples/s, ETA=328s
[Score] 1116800/1270238 (87.9%) speed=472 samples/s, ETA=325s
[Score] 1118400/1270238 (88.0%) speed=472 samples/s, ETA=322s
[Score] 1120000/1270238 (88.2%) speed=472 samples/s, ETA=318s
[Score] 1121600/1270238 (88.3%) speed=472 samples/s, ETA=315s
[Score] 1123200/1270238 (88.4%) speed=472 samples/s, ETA=312s
[Score] 1124800/1270238 (88.6%) speed=472 samples/s, ETA=308s
[Score] 1126400/1270238 (88.7%) speed=471 samples/s, ETA=305s
[Score] 1128000/1270238 (88.8%) speed=471 samples/s, ETA=302s
[Score] 1129600/1270238 (88.9%) speed=471 samples/s, ETA=299s
[Score] 1131200/1270238 (89.1%) speed=471 samples/s, ETA=295s
[Score] 1132800/1270238 (89.2%) speed=471 samples/s, ETA=292s
[Score] 1134400/1270238 (89.3%) speed=471 samples/s, ETA=289s
[Score] 1136000/1270238 (89.4%) speed=470 samples/s, ETA=285s
[Score] 1137600/1270238 (89.6%) speed=470 samples/s, ETA=282s
[Score] 1139200/1270238 (89.7%) speed=470 samples/s, ETA=279s
[Score] 1140800/1270238 (89.8%) speed=470 samples/s, ETA=275s
[Score] 1142400/1270238 (89.9%) speed=470 samples/s, ETA=272s
[Score] 1144000/1270238 (90.1%) speed=470 samples/s, ETA=269s
[Score] 1145600/1270238 (90.2%) speed=469 samples/s, ETA=266s
[Score] 1147200/1270238 (90.3%) speed=469 samples/s, ETA=262s
[Score] 1148800/1270238 (90.4%) speed=469 samples/s, ETA=259s
[Score] 1150400/1270238 (90.6%) speed=469 samples/s, ETA=256s
[Score] 1152000/1270238 (90.7%) speed=469 samples/s, ETA=252s
[Score] 1153600/1270238 (90.8%) speed=469 samples/s, ETA=249s
[Score] 1155200/1270238 (90.9%) speed=469 samples/s, ETA=246s
[Score] 1156800/1270238 (91.1%) speed=468 samples/s, ETA=242s
[Score] 1158400/1270238 (91.2%) speed=468 samples/s, ETA=239s
[Score] 1160000/1270238 (91.3%) speed=468 samples/s, ETA=236s
[Score] 1161600/1270238 (91.4%) speed=468 samples/s, ETA=232s
[Score] 1163200/1270238 (91.6%) speed=468 samples/s, ETA=229s
[Score] 1164800/1270238 (91.7%) speed=468 samples/s, ETA=225s
[Score] 1166400/1270238 (91.8%) speed=467 samples/s, ETA=222s
[Score] 1168000/1270238 (92.0%) speed=467 samples/s, ETA=219s
[Score] 1169600/1270238 (92.1%) speed=467 samples/s, ETA=215s
[Score] 1171200/1270238 (92.2%) speed=467 samples/s, ETA=212s
[Score] 1172800/1270238 (92.3%) speed=467 samples/s, ETA=209s
[Score] 1174400/1270238 (92.5%) speed=467 samples/s, ETA=205s
[Score] 1176000/1270238 (92.6%) speed=467 samples/s, ETA=202s
[Score] 1177600/1270238 (92.7%) speed=467 samples/s, ETA=199s
[Score] 1179200/1270238 (92.8%) speed=466 samples/s, ETA=195s
[Score] 1180800/1270238 (93.0%) speed=466 samples/s, ETA=192s
[Score] 1182400/1270238 (93.1%) speed=466 samples/s, ETA=189s
[Score] 1184000/1270238 (93.2%) speed=466 samples/s, ETA=185s
[Score] 1185600/1270238 (93.3%) speed=466 samples/s, ETA=182s
[Score] 1187200/1270238 (93.5%) speed=466 samples/s, ETA=178s
[Score] 1188800/1270238 (93.6%) speed=465 samples/s, ETA=175s
[Score] 1190400/1270238 (93.7%) speed=465 samples/s, ETA=172s
[Score] 1192000/1270238 (93.8%) speed=465 samples/s, ETA=168s
[Score] 1193600/1270238 (94.0%) speed=465 samples/s, ETA=165s
[Score] 1195200/1270238 (94.1%) speed=465 samples/s, ETA=161s
[Score] 1196800/1270238 (94.2%) speed=465 samples/s, ETA=158s
[Score] 1198400/1270238 (94.3%) speed=465 samples/s, ETA=155s
[Score] 1200000/1270238 (94.5%) speed=465 samples/s, ETA=151s
[Score] 1201600/1270238 (94.6%) speed=465 samples/s, ETA=148s
[Score] 1203200/1270238 (94.7%) speed=465 samples/s, ETA=144s
[Score] 1204800/1270238 (94.8%) speed=465 samples/s, ETA=141s
[Score] 1206400/1270238 (95.0%) speed=464 samples/s, ETA=137s
[Score] 1208000/1270238 (95.1%) speed=464 samples/s, ETA=134s
[Score] 1209600/1270238 (95.2%) speed=464 samples/s, ETA=131s
[Score] 1211200/1270238 (95.4%) speed=464 samples/s, ETA=127s
[Score] 1212800/1270238 (95.5%) speed=464 samples/s, ETA=124s
[Score] 1214400/1270238 (95.6%) speed=464 samples/s, ETA=120s
[Score] 1216000/1270238 (95.7%) speed=464 samples/s, ETA=117s
[Score] 1217600/1270238 (95.9%) speed=464 samples/s, ETA=113s
[Score] 1219200/1270238 (96.0%) speed=464 samples/s, ETA=110s
[Score] 1220800/1270238 (96.1%) speed=464 samples/s, ETA=107s
[Score] 1222400/1270238 (96.2%) speed=464 samples/s, ETA=103s
[Score] 1224000/1270238 (96.4%) speed=463 samples/s, ETA=100s
[Score] 1225600/1270238 (96.5%) speed=463 samples/s, ETA=96s
[Score] 1227200/1270238 (96.6%) speed=463 samples/s, ETA=93s
[Score] 1228800/1270238 (96.7%) speed=463 samples/s, ETA=90s
[Score] 1230400/1270238 (96.9%) speed=463 samples/s, ETA=86s
[Score] 1232000/1270238 (97.0%) speed=462 samples/s, ETA=83s
[Score] 1233600/1270238 (97.1%) speed=462 samples/s, ETA=79s
[Score] 1235200/1270238 (97.2%) speed=462 samples/s, ETA=76s
[Score] 1236800/1270238 (97.4%) speed=462 samples/s, ETA=72s
[Score] 1238400/1270238 (97.5%) speed=461 samples/s, ETA=69s
[Score] 1240000/1270238 (97.6%) speed=461 samples/s, ETA=66s
[Score] 1241600/1270238 (97.7%) speed=461 samples/s, ETA=62s
[Score] 1243200/1270238 (97.9%) speed=461 samples/s, ETA=59s
[Score] 1244800/1270238 (98.0%) speed=460 samples/s, ETA=55s
[Score] 1246400/1270238 (98.1%) speed=460 samples/s, ETA=52s
[Score] 1248000/1270238 (98.2%) speed=460 samples/s, ETA=48s
[Score] 1249600/1270238 (98.4%) speed=460 samples/s, ETA=45s
[Score] 1251200/1270238 (98.5%) speed=459 samples/s, ETA=41s
[Score] 1252800/1270238 (98.6%) speed=459 samples/s, ETA=38s
[Score] 1254400/1270238 (98.8%) speed=459 samples/s, ETA=35s
[Score] 1256000/1270238 (98.9%) speed=459 samples/s, ETA=31s
[Score] 1257600/1270238 (99.0%) speed=458 samples/s, ETA=28s
[Score] 1259200/1270238 (99.1%) speed=458 samples/s, ETA=24s
[Score] 1260800/1270238 (99.3%) speed=458 samples/s, ETA=21s
[Score] 1262400/1270238 (99.4%) speed=458 samples/s, ETA=17s
[Score] 1264000/1270238 (99.5%) speed=458 samples/s, ETA=14s
[Score] 1265600/1270238 (99.6%) speed=457 samples/s, ETA=10s
[Score] 1267200/1270238 (99.8%) speed=457 samples/s, ETA=7s
[Score] 1268800/1270238 (99.9%) speed=457 samples/s, ETA=3s
[Score] 完成! 1270238 条, 耗时 3295.2s, 输出: ../dataset/pretrain_t2t_mini_scored.jsonl
[Score] PPL 统计: mean=8.43, median=6.21, std=10.93
